12:39:58 INFO  : Platform repository initialization has completed.
12:39:59 INFO  : Launching XSCT server: xsct.bat -n  -interactive C:\School\Vivado\ZynqDemoRemake\workspace_csp_test\temp_xsdb_launch_script.tcl
12:39:59 INFO  : Registering command handlers for Vitis TCF services
12:40:02 INFO  : XSCT server has started successfully.
12:40:05 INFO  : plnx-install-location is set to ''
12:40:05 INFO  : Successfully done setting XSCT server connection channel  
12:40:05 INFO  : Successfully done query RDI_DATADIR 
12:40:05 INFO  : Successfully done setting workspace for the tool. 
12:41:39 INFO  : Result from executing command 'getProjects': csptest
12:41:39 INFO  : Result from executing command 'getPlatforms': 
12:52:45 INFO  : Result from executing command 'getProjects': csptest
12:52:45 INFO  : Result from executing command 'getPlatforms': csptest|C:/School/Vivado/ZynqDemoRemake/workspace_csp_test/csptest/export/csptest/csptest.xpfm
12:52:45 INFO  : Checking for BSP changes to sync application flags for project 'test'...
12:53:23 INFO  : Checking for BSP changes to sync application flags for project 'test'...
12:53:51 INFO  : Checking for BSP changes to sync application flags for project 'test'...
12:55:42 INFO  : Checking for BSP changes to sync application flags for project 'test'...
12:56:54 INFO  : Checking for BSP changes to sync application flags for project 'test'...
12:57:06 INFO  : Checking for BSP changes to sync application flags for project 'test'...
12:57:46 INFO  : Checking for BSP changes to sync application flags for project 'test'...
12:58:16 INFO  : Checking for BSP changes to sync application flags for project 'test'...
13:00:47 INFO  : Checking for BSP changes to sync application flags for project 'test'...
13:01:41 INFO  : Checking for BSP changes to sync application flags for project 'test'...
